Analysis & Synthesis report for accumulator
Mon Jul 11 10:00:08 2022
Quartus Prime Version 20.1.1 Build 720 11/11/2020 SJ Lite Edition


---------------------
; Table of Contents ;
---------------------
  1. Legal Notice
  2. Analysis & Synthesis Summary
  3. Analysis & Synthesis Settings
  4. Parallel Compilation
  5. Analysis & Synthesis Source Files Read
  6. Analysis & Synthesis Resource Usage Summary
  7. Analysis & Synthesis Resource Utilization by Entity
  8. Registers Removed During Synthesis
  9. General Register Statistics
 10. Parameter Settings for User Entity Instance: Top-level Entity: |accumulator
 11. Parameter Settings for User Entity Instance: carrysave_adder:csa
 12. Parameter Settings for User Entity Instance: carrylookahead_adder:cla_array[0].cla
 13. Parameter Settings for User Entity Instance: carrylookahead_adder:cla_array[1].cla
 14. Parameter Settings for User Entity Instance: carrylookahead_adder:cla_array[2].cla
 15. Parameter Settings for User Entity Instance: carrylookahead_adder:cla_array[3].cla
 16. Port Connectivity Checks: "carrylookahead_adder:cla_array[3].cla"
 17. Port Connectivity Checks: "carrylookahead_adder:cla_array[0].cla|full_adder:gen_adders[7].full_adder"
 18. Port Connectivity Checks: "carrylookahead_adder:cla_array[0].cla|full_adder:gen_adders[6].full_adder"
 19. Port Connectivity Checks: "carrylookahead_adder:cla_array[0].cla|full_adder:gen_adders[5].full_adder"
 20. Port Connectivity Checks: "carrylookahead_adder:cla_array[0].cla|full_adder:gen_adders[4].full_adder"
 21. Port Connectivity Checks: "carrylookahead_adder:cla_array[0].cla|full_adder:gen_adders[3].full_adder"
 22. Port Connectivity Checks: "carrylookahead_adder:cla_array[0].cla|full_adder:gen_adders[2].full_adder"
 23. Port Connectivity Checks: "carrylookahead_adder:cla_array[0].cla|full_adder:gen_adders[1].full_adder"
 24. Port Connectivity Checks: "carrylookahead_adder:cla_array[0].cla|full_adder:gen_adders[0].full_adder"
 25. Port Connectivity Checks: "carrylookahead_adder:cla_array[0].cla"
 26. Port Connectivity Checks: "carrysave_adder:csa"
 27. Post-Synthesis Netlist Statistics for Top Partition
 28. Elapsed Time Per Partition
 29. Analysis & Synthesis Messages



----------------
; Legal Notice ;
----------------
Copyright (C) 2020  Intel Corporation. All rights reserved.
Your use of Intel Corporation's design tools, logic functions 
and other software and tools, and any partner logic 
functions, and any output files from any of the foregoing 
(including device programming or simulation files), and any 
associated documentation or information are expressly subject 
to the terms and conditions of the Intel Program License 
Subscription Agreement, the Intel Quartus Prime License Agreement,
the Intel FPGA IP License Agreement, or other applicable license
agreement, including, without limitation, that your use is for
the sole purpose of programming logic devices manufactured by
Intel and sold by Intel or its authorized distributors.  Please
refer to the applicable agreement for further details, at
https://fpgasoftware.intel.com/eula.



+----------------------------------------------------------------------------------+
; Analysis & Synthesis Summary                                                     ;
+------------------------------------+---------------------------------------------+
; Analysis & Synthesis Status        ; Successful - Mon Jul 11 10:00:08 2022       ;
; Quartus Prime Version              ; 20.1.1 Build 720 11/11/2020 SJ Lite Edition ;
; Revision Name                      ; accumulator                                 ;
; Top-level Entity Name              ; accumulator                                 ;
; Family                             ; Cyclone IV E                                ;
; Total logic elements               ; 144                                         ;
;     Total combinational functions  ; 144                                         ;
;     Dedicated logic registers      ; 63                                          ;
; Total registers                    ; 63                                          ;
; Total pins                         ; 66                                          ;
; Total virtual pins                 ; 0                                           ;
; Total memory bits                  ; 0                                           ;
; Embedded Multiplier 9-bit elements ; 0                                           ;
; Total PLLs                         ; 0                                           ;
+------------------------------------+---------------------------------------------+


+------------------------------------------------------------------------------------------------------------+
; Analysis & Synthesis Settings                                                                              ;
+------------------------------------------------------------------+--------------------+--------------------+
; Option                                                           ; Setting            ; Default Value      ;
+------------------------------------------------------------------+--------------------+--------------------+
; Top-level entity name                                            ; accumulator        ; accumulator        ;
; Family name                                                      ; Cyclone IV E       ; Cyclone V          ;
; Use smart compilation                                            ; Off                ; Off                ;
; Enable parallel Assembler and Timing Analyzer during compilation ; On                 ; On                 ;
; Enable compact report table                                      ; Off                ; Off                ;
; Restructure Multiplexers                                         ; Auto               ; Auto               ;
; Create Debugging Nodes for IP Cores                              ; Off                ; Off                ;
; Preserve fewer node names                                        ; On                 ; On                 ;
; Intel FPGA IP Evaluation Mode                                    ; Enable             ; Enable             ;
; Verilog Version                                                  ; Verilog_2001       ; Verilog_2001       ;
; VHDL Version                                                     ; VHDL_1993          ; VHDL_1993          ;
; State Machine Processing                                         ; Auto               ; Auto               ;
; Safe State Machine                                               ; Off                ; Off                ;
; Extract Verilog State Machines                                   ; On                 ; On                 ;
; Extract VHDL State Machines                                      ; On                 ; On                 ;
; Ignore Verilog initial constructs                                ; Off                ; Off                ;
; Iteration limit for constant Verilog loops                       ; 5000               ; 5000               ;
; Iteration limit for non-constant Verilog loops                   ; 250                ; 250                ;
; Add Pass-Through Logic to Inferred RAMs                          ; On                 ; On                 ;
; Infer RAMs from Raw Logic                                        ; On                 ; On                 ;
; Parallel Synthesis                                               ; On                 ; On                 ;
; DSP Block Balancing                                              ; Auto               ; Auto               ;
; NOT Gate Push-Back                                               ; On                 ; On                 ;
; Power-Up Don't Care                                              ; On                 ; On                 ;
; Remove Redundant Logic Cells                                     ; Off                ; Off                ;
; Remove Duplicate Registers                                       ; On                 ; On                 ;
; Ignore CARRY Buffers                                             ; Off                ; Off                ;
; Ignore CASCADE Buffers                                           ; Off                ; Off                ;
; Ignore GLOBAL Buffers                                            ; Off                ; Off                ;
; Ignore ROW GLOBAL Buffers                                        ; Off                ; Off                ;
; Ignore LCELL Buffers                                             ; Off                ; Off                ;
; Ignore SOFT Buffers                                              ; On                 ; On                 ;
; Limit AHDL Integers to 32 Bits                                   ; Off                ; Off                ;
; Optimization Technique                                           ; Balanced           ; Balanced           ;
; Carry Chain Length                                               ; 70                 ; 70                 ;
; Auto Carry Chains                                                ; On                 ; On                 ;
; Auto Open-Drain Pins                                             ; On                 ; On                 ;
; Perform WYSIWYG Primitive Resynthesis                            ; Off                ; Off                ;
; Auto ROM Replacement                                             ; On                 ; On                 ;
; Auto RAM Replacement                                             ; On                 ; On                 ;
; Auto DSP Block Replacement                                       ; On                 ; On                 ;
; Auto Shift Register Replacement                                  ; Auto               ; Auto               ;
; Allow Shift Register Merging across Hierarchies                  ; Auto               ; Auto               ;
; Auto Clock Enable Replacement                                    ; On                 ; On                 ;
; Strict RAM Replacement                                           ; Off                ; Off                ;
; Allow Synchronous Control Signals                                ; On                 ; On                 ;
; Force Use of Synchronous Clear Signals                           ; Off                ; Off                ;
; Auto RAM Block Balancing                                         ; On                 ; On                 ;
; Auto RAM to Logic Cell Conversion                                ; Off                ; Off                ;
; Auto Resource Sharing                                            ; Off                ; Off                ;
; Allow Any RAM Size For Recognition                               ; Off                ; Off                ;
; Allow Any ROM Size For Recognition                               ; Off                ; Off                ;
; Allow Any Shift Register Size For Recognition                    ; Off                ; Off                ;
; Use LogicLock Constraints during Resource Balancing              ; On                 ; On                 ;
; Ignore translate_off and synthesis_off directives                ; Off                ; Off                ;
; Timing-Driven Synthesis                                          ; On                 ; On                 ;
; Report Parameter Settings                                        ; On                 ; On                 ;
; Report Source Assignments                                        ; On                 ; On                 ;
; Report Connectivity Checks                                       ; On                 ; On                 ;
; Ignore Maximum Fan-Out Assignments                               ; Off                ; Off                ;
; Synchronization Register Chain Length                            ; 2                  ; 2                  ;
; Power Optimization During Synthesis                              ; Normal compilation ; Normal compilation ;
; HDL message level                                                ; Level2             ; Level2             ;
; Suppress Register Optimization Related Messages                  ; Off                ; Off                ;
; Number of Removed Registers Reported in Synthesis Report         ; 5000               ; 5000               ;
; Number of Swept Nodes Reported in Synthesis Report               ; 5000               ; 5000               ;
; Number of Inverted Registers Reported in Synthesis Report        ; 100                ; 100                ;
; Clock MUX Protection                                             ; On                 ; On                 ;
; Auto Gated Clock Conversion                                      ; Off                ; Off                ;
; Block Design Naming                                              ; Auto               ; Auto               ;
; SDC constraint protection                                        ; Off                ; Off                ;
; Synthesis Effort                                                 ; Auto               ; Auto               ;
; Shift Register Replacement - Allow Asynchronous Clear Signal     ; On                 ; On                 ;
; Pre-Mapping Resynthesis Optimization                             ; Off                ; Off                ;
; Analysis & Synthesis Message Level                               ; Medium             ; Medium             ;
; Disable Register Merging Across Hierarchies                      ; Auto               ; Auto               ;
; Resource Aware Inference For Block RAM                           ; On                 ; On                 ;
+------------------------------------------------------------------+--------------------+--------------------+


+------------------------------------------+
; Parallel Compilation                     ;
+----------------------------+-------------+
; Processors                 ; Number      ;
+----------------------------+-------------+
; Number detected on machine ; 6           ;
; Maximum allowed            ; 6           ;
;                            ;             ;
; Average used               ; 1.00        ;
; Maximum used               ; 6           ;
;                            ;             ;
; Usage by Processor         ; % Time Used ;
;     Processor 1            ; 100.0%      ;
;     Processors 2-6         ;   0.0%      ;
+----------------------------+-------------+


+-------------------------------------------------------------------------------------------------------------------------------------------------------------------------------+
; Analysis & Synthesis Source Files Read                                                                                                                                        ;
+----------------------------------+-----------------+------------------------------+---------------------------------------------------------------------------------+---------+
; File Name with User-Entered Path ; Used in Netlist ; File Type                    ; File Name with Absolute Path                                                    ; Library ;
+----------------------------------+-----------------+------------------------------+---------------------------------------------------------------------------------+---------+
; full_adder.sv                    ; yes             ; User SystemVerilog HDL File  ; C:/Users/2000c/OneDrive/Documents/Code/VLSI/accumulator/full_adder.sv           ;         ;
; carrysave_adder.sv               ; yes             ; User SystemVerilog HDL File  ; C:/Users/2000c/OneDrive/Documents/Code/VLSI/accumulator/carrysave_adder.sv      ;         ;
; carrylookahead_adder.sv          ; yes             ; User SystemVerilog HDL File  ; C:/Users/2000c/OneDrive/Documents/Code/VLSI/accumulator/carrylookahead_adder.sv ;         ;
; accumulator.sv                   ; yes             ; User SystemVerilog HDL File  ; C:/Users/2000c/OneDrive/Documents/Code/VLSI/accumulator/accumulator.sv          ;         ;
+----------------------------------+-----------------+------------------------------+---------------------------------------------------------------------------------+---------+


+-----------------------------------------------------------+
; Analysis & Synthesis Resource Usage Summary               ;
+---------------------------------------------+-------------+
; Resource                                    ; Usage       ;
+---------------------------------------------+-------------+
; Estimated Total logic elements              ; 144         ;
;                                             ;             ;
; Total combinational functions               ; 144         ;
; Logic element usage by number of LUT inputs ;             ;
;     -- 4 input functions                    ; 34          ;
;     -- 3 input functions                    ; 90          ;
;     -- <=2 input functions                  ; 20          ;
;                                             ;             ;
; Logic elements by mode                      ;             ;
;     -- normal mode                          ; 144         ;
;     -- arithmetic mode                      ; 0           ;
;                                             ;             ;
; Total registers                             ; 63          ;
;     -- Dedicated logic registers            ; 63          ;
;     -- I/O registers                        ; 0           ;
;                                             ;             ;
; I/O pins                                    ; 66          ;
;                                             ;             ;
; Embedded Multiplier 9-bit elements          ; 0           ;
;                                             ;             ;
; Maximum fan-out node                        ; clock~input ;
; Maximum fan-out                             ; 63          ;
; Total fan-out                               ; 733         ;
; Average fan-out                             ; 2.16        ;
+---------------------------------------------+-------------+


+--------------------------------------------------------------------------------------------------------------------------------------------------------------------------------------------------------------------------------------------------------------------------------------------------------+
; Analysis & Synthesis Resource Utilization by Entity                                                                                                                                                                                                                                                    ;
+----------------------------------------------+---------------------+---------------------------+-------------+--------------+---------+-----------+------+--------------+----------------------------------------------------------------------------------------+----------------------+--------------+
; Compilation Hierarchy Node                   ; Combinational ALUTs ; Dedicated Logic Registers ; Memory Bits ; DSP Elements ; DSP 9x9 ; DSP 18x18 ; Pins ; Virtual Pins ; Full Hierarchy Name                                                                    ; Entity Name          ; Library Name ;
+----------------------------------------------+---------------------+---------------------------+-------------+--------------+---------+-----------+------+--------------+----------------------------------------------------------------------------------------+----------------------+--------------+
; |accumulator                                 ; 144 (1)             ; 63 (63)                   ; 0           ; 0            ; 0       ; 0         ; 66   ; 0            ; |accumulator                                                                           ; accumulator          ; work         ;
;    |carrylookahead_adder:cla_array[0].cla|   ; 13 (1)              ; 0 (0)                     ; 0           ; 0            ; 0       ; 0         ; 0    ; 0            ; |accumulator|carrylookahead_adder:cla_array[0].cla                                     ; carrylookahead_adder ; work         ;
;       |full_adder:gen_adders[1].full_adder|  ; 1 (1)               ; 0 (0)                     ; 0           ; 0            ; 0       ; 0         ; 0    ; 0            ; |accumulator|carrylookahead_adder:cla_array[0].cla|full_adder:gen_adders[1].full_adder ; full_adder           ; work         ;
;       |full_adder:gen_adders[2].full_adder|  ; 1 (1)               ; 0 (0)                     ; 0           ; 0            ; 0       ; 0         ; 0    ; 0            ; |accumulator|carrylookahead_adder:cla_array[0].cla|full_adder:gen_adders[2].full_adder ; full_adder           ; work         ;
;       |full_adder:gen_adders[3].full_adder|  ; 1 (1)               ; 0 (0)                     ; 0           ; 0            ; 0       ; 0         ; 0    ; 0            ; |accumulator|carrylookahead_adder:cla_array[0].cla|full_adder:gen_adders[3].full_adder ; full_adder           ; work         ;
;       |full_adder:gen_adders[4].full_adder|  ; 3 (3)               ; 0 (0)                     ; 0           ; 0            ; 0       ; 0         ; 0    ; 0            ; |accumulator|carrylookahead_adder:cla_array[0].cla|full_adder:gen_adders[4].full_adder ; full_adder           ; work         ;
;       |full_adder:gen_adders[5].full_adder|  ; 2 (2)               ; 0 (0)                     ; 0           ; 0            ; 0       ; 0         ; 0    ; 0            ; |accumulator|carrylookahead_adder:cla_array[0].cla|full_adder:gen_adders[5].full_adder ; full_adder           ; work         ;
;       |full_adder:gen_adders[6].full_adder|  ; 2 (2)               ; 0 (0)                     ; 0           ; 0            ; 0       ; 0         ; 0    ; 0            ; |accumulator|carrylookahead_adder:cla_array[0].cla|full_adder:gen_adders[6].full_adder ; full_adder           ; work         ;
;       |full_adder:gen_adders[7].full_adder|  ; 2 (2)               ; 0 (0)                     ; 0           ; 0            ; 0       ; 0         ; 0    ; 0            ; |accumulator|carrylookahead_adder:cla_array[0].cla|full_adder:gen_adders[7].full_adder ; full_adder           ; work         ;
;    |carrylookahead_adder:cla_array[1].cla|   ; 20 (6)              ; 0 (0)                     ; 0           ; 0            ; 0       ; 0         ; 0    ; 0            ; |accumulator|carrylookahead_adder:cla_array[1].cla                                     ; carrylookahead_adder ; work         ;
;       |full_adder:gen_adders[0].full_adder|  ; 1 (1)               ; 0 (0)                     ; 0           ; 0            ; 0       ; 0         ; 0    ; 0            ; |accumulator|carrylookahead_adder:cla_array[1].cla|full_adder:gen_adders[0].full_adder ; full_adder           ; work         ;
;       |full_adder:gen_adders[1].full_adder|  ; 1 (1)               ; 0 (0)                     ; 0           ; 0            ; 0       ; 0         ; 0    ; 0            ; |accumulator|carrylookahead_adder:cla_array[1].cla|full_adder:gen_adders[1].full_adder ; full_adder           ; work         ;
;       |full_adder:gen_adders[2].full_adder|  ; 2 (2)               ; 0 (0)                     ; 0           ; 0            ; 0       ; 0         ; 0    ; 0            ; |accumulator|carrylookahead_adder:cla_array[1].cla|full_adder:gen_adders[2].full_adder ; full_adder           ; work         ;
;       |full_adder:gen_adders[3].full_adder|  ; 2 (2)               ; 0 (0)                     ; 0           ; 0            ; 0       ; 0         ; 0    ; 0            ; |accumulator|carrylookahead_adder:cla_array[1].cla|full_adder:gen_adders[3].full_adder ; full_adder           ; work         ;
;       |full_adder:gen_adders[4].full_adder|  ; 2 (2)               ; 0 (0)                     ; 0           ; 0            ; 0       ; 0         ; 0    ; 0            ; |accumulator|carrylookahead_adder:cla_array[1].cla|full_adder:gen_adders[4].full_adder ; full_adder           ; work         ;
;       |full_adder:gen_adders[5].full_adder|  ; 3 (3)               ; 0 (0)                     ; 0           ; 0            ; 0       ; 0         ; 0    ; 0            ; |accumulator|carrylookahead_adder:cla_array[1].cla|full_adder:gen_adders[5].full_adder ; full_adder           ; work         ;
;       |full_adder:gen_adders[6].full_adder|  ; 2 (2)               ; 0 (0)                     ; 0           ; 0            ; 0       ; 0         ; 0    ; 0            ; |accumulator|carrylookahead_adder:cla_array[1].cla|full_adder:gen_adders[6].full_adder ; full_adder           ; work         ;
;       |full_adder:gen_adders[7].full_adder|  ; 1 (1)               ; 0 (0)                     ; 0           ; 0            ; 0       ; 0         ; 0    ; 0            ; |accumulator|carrylookahead_adder:cla_array[1].cla|full_adder:gen_adders[7].full_adder ; full_adder           ; work         ;
;    |carrylookahead_adder:cla_array[2].cla|   ; 17 (6)              ; 0 (0)                     ; 0           ; 0            ; 0       ; 0         ; 0    ; 0            ; |accumulator|carrylookahead_adder:cla_array[2].cla                                     ; carrylookahead_adder ; work         ;
;       |full_adder:gen_adders[0].full_adder|  ; 1 (1)               ; 0 (0)                     ; 0           ; 0            ; 0       ; 0         ; 0    ; 0            ; |accumulator|carrylookahead_adder:cla_array[2].cla|full_adder:gen_adders[0].full_adder ; full_adder           ; work         ;
;       |full_adder:gen_adders[1].full_adder|  ; 1 (1)               ; 0 (0)                     ; 0           ; 0            ; 0       ; 0         ; 0    ; 0            ; |accumulator|carrylookahead_adder:cla_array[2].cla|full_adder:gen_adders[1].full_adder ; full_adder           ; work         ;
;       |full_adder:gen_adders[2].full_adder|  ; 2 (2)               ; 0 (0)                     ; 0           ; 0            ; 0       ; 0         ; 0    ; 0            ; |accumulator|carrylookahead_adder:cla_array[2].cla|full_adder:gen_adders[2].full_adder ; full_adder           ; work         ;
;       |full_adder:gen_adders[3].full_adder|  ; 2 (2)               ; 0 (0)                     ; 0           ; 0            ; 0       ; 0         ; 0    ; 0            ; |accumulator|carrylookahead_adder:cla_array[2].cla|full_adder:gen_adders[3].full_adder ; full_adder           ; work         ;
;       |full_adder:gen_adders[4].full_adder|  ; 2 (2)               ; 0 (0)                     ; 0           ; 0            ; 0       ; 0         ; 0    ; 0            ; |accumulator|carrylookahead_adder:cla_array[2].cla|full_adder:gen_adders[4].full_adder ; full_adder           ; work         ;
;       |full_adder:gen_adders[5].full_adder|  ; 1 (1)               ; 0 (0)                     ; 0           ; 0            ; 0       ; 0         ; 0    ; 0            ; |accumulator|carrylookahead_adder:cla_array[2].cla|full_adder:gen_adders[5].full_adder ; full_adder           ; work         ;
;       |full_adder:gen_adders[6].full_adder|  ; 1 (1)               ; 0 (0)                     ; 0           ; 0            ; 0       ; 0         ; 0    ; 0            ; |accumulator|carrylookahead_adder:cla_array[2].cla|full_adder:gen_adders[6].full_adder ; full_adder           ; work         ;
;       |full_adder:gen_adders[7].full_adder|  ; 1 (1)               ; 0 (0)                     ; 0           ; 0            ; 0       ; 0         ; 0    ; 0            ; |accumulator|carrylookahead_adder:cla_array[2].cla|full_adder:gen_adders[7].full_adder ; full_adder           ; work         ;
;    |carrylookahead_adder:cla_array[3].cla|   ; 24 (16)             ; 0 (0)                     ; 0           ; 0            ; 0       ; 0         ; 0    ; 0            ; |accumulator|carrylookahead_adder:cla_array[3].cla                                     ; carrylookahead_adder ; work         ;
;       |full_adder:gen_adders[0].full_adder|  ; 1 (1)               ; 0 (0)                     ; 0           ; 0            ; 0       ; 0         ; 0    ; 0            ; |accumulator|carrylookahead_adder:cla_array[3].cla|full_adder:gen_adders[0].full_adder ; full_adder           ; work         ;
;       |full_adder:gen_adders[1].full_adder|  ; 1 (1)               ; 0 (0)                     ; 0           ; 0            ; 0       ; 0         ; 0    ; 0            ; |accumulator|carrylookahead_adder:cla_array[3].cla|full_adder:gen_adders[1].full_adder ; full_adder           ; work         ;
;       |full_adder:gen_adders[2].full_adder|  ; 1 (1)               ; 0 (0)                     ; 0           ; 0            ; 0       ; 0         ; 0    ; 0            ; |accumulator|carrylookahead_adder:cla_array[3].cla|full_adder:gen_adders[2].full_adder ; full_adder           ; work         ;
;       |full_adder:gen_adders[3].full_adder|  ; 1 (1)               ; 0 (0)                     ; 0           ; 0            ; 0       ; 0         ; 0    ; 0            ; |accumulator|carrylookahead_adder:cla_array[3].cla|full_adder:gen_adders[3].full_adder ; full_adder           ; work         ;
;       |full_adder:gen_adders[4].full_adder|  ; 1 (1)               ; 0 (0)                     ; 0           ; 0            ; 0       ; 0         ; 0    ; 0            ; |accumulator|carrylookahead_adder:cla_array[3].cla|full_adder:gen_adders[4].full_adder ; full_adder           ; work         ;
;       |full_adder:gen_adders[5].full_adder|  ; 1 (1)               ; 0 (0)                     ; 0           ; 0            ; 0       ; 0         ; 0    ; 0            ; |accumulator|carrylookahead_adder:cla_array[3].cla|full_adder:gen_adders[5].full_adder ; full_adder           ; work         ;
;       |full_adder:gen_adders[6].full_adder|  ; 1 (1)               ; 0 (0)                     ; 0           ; 0            ; 0       ; 0         ; 0    ; 0            ; |accumulator|carrylookahead_adder:cla_array[3].cla|full_adder:gen_adders[6].full_adder ; full_adder           ; work         ;
;       |full_adder:gen_adders[7].full_adder|  ; 1 (1)               ; 0 (0)                     ; 0           ; 0            ; 0       ; 0         ; 0    ; 0            ; |accumulator|carrylookahead_adder:cla_array[3].cla|full_adder:gen_adders[7].full_adder ; full_adder           ; work         ;
;    |carrysave_adder:csa|                     ; 69 (0)              ; 0 (0)                     ; 0           ; 0            ; 0       ; 0         ; 0    ; 0            ; |accumulator|carrysave_adder:csa                                                       ; carrysave_adder      ; work         ;
;       |full_adder:gen_adders[0].full_adder|  ; 1 (1)               ; 0 (0)                     ; 0           ; 0            ; 0       ; 0         ; 0    ; 0            ; |accumulator|carrysave_adder:csa|full_adder:gen_adders[0].full_adder                   ; full_adder           ; work         ;
;       |full_adder:gen_adders[10].full_adder| ; 2 (2)               ; 0 (0)                     ; 0           ; 0            ; 0       ; 0         ; 0    ; 0            ; |accumulator|carrysave_adder:csa|full_adder:gen_adders[10].full_adder                  ; full_adder           ; work         ;
;       |full_adder:gen_adders[11].full_adder| ; 2 (2)               ; 0 (0)                     ; 0           ; 0            ; 0       ; 0         ; 0    ; 0            ; |accumulator|carrysave_adder:csa|full_adder:gen_adders[11].full_adder                  ; full_adder           ; work         ;
;       |full_adder:gen_adders[12].full_adder| ; 2 (2)               ; 0 (0)                     ; 0           ; 0            ; 0       ; 0         ; 0    ; 0            ; |accumulator|carrysave_adder:csa|full_adder:gen_adders[12].full_adder                  ; full_adder           ; work         ;
;       |full_adder:gen_adders[13].full_adder| ; 2 (2)               ; 0 (0)                     ; 0           ; 0            ; 0       ; 0         ; 0    ; 0            ; |accumulator|carrysave_adder:csa|full_adder:gen_adders[13].full_adder                  ; full_adder           ; work         ;
;       |full_adder:gen_adders[14].full_adder| ; 2 (2)               ; 0 (0)                     ; 0           ; 0            ; 0       ; 0         ; 0    ; 0            ; |accumulator|carrysave_adder:csa|full_adder:gen_adders[14].full_adder                  ; full_adder           ; work         ;
;       |full_adder:gen_adders[15].full_adder| ; 2 (2)               ; 0 (0)                     ; 0           ; 0            ; 0       ; 0         ; 0    ; 0            ; |accumulator|carrysave_adder:csa|full_adder:gen_adders[15].full_adder                  ; full_adder           ; work         ;
;       |full_adder:gen_adders[16].full_adder| ; 2 (2)               ; 0 (0)                     ; 0           ; 0            ; 0       ; 0         ; 0    ; 0            ; |accumulator|carrysave_adder:csa|full_adder:gen_adders[16].full_adder                  ; full_adder           ; work         ;
;       |full_adder:gen_adders[17].full_adder| ; 2 (2)               ; 0 (0)                     ; 0           ; 0            ; 0       ; 0         ; 0    ; 0            ; |accumulator|carrysave_adder:csa|full_adder:gen_adders[17].full_adder                  ; full_adder           ; work         ;
;       |full_adder:gen_adders[18].full_adder| ; 2 (2)               ; 0 (0)                     ; 0           ; 0            ; 0       ; 0         ; 0    ; 0            ; |accumulator|carrysave_adder:csa|full_adder:gen_adders[18].full_adder                  ; full_adder           ; work         ;
;       |full_adder:gen_adders[19].full_adder| ; 2 (2)               ; 0 (0)                     ; 0           ; 0            ; 0       ; 0         ; 0    ; 0            ; |accumulator|carrysave_adder:csa|full_adder:gen_adders[19].full_adder                  ; full_adder           ; work         ;
;       |full_adder:gen_adders[1].full_adder|  ; 2 (2)               ; 0 (0)                     ; 0           ; 0            ; 0       ; 0         ; 0    ; 0            ; |accumulator|carrysave_adder:csa|full_adder:gen_adders[1].full_adder                   ; full_adder           ; work         ;
;       |full_adder:gen_adders[20].full_adder| ; 2 (2)               ; 0 (0)                     ; 0           ; 0            ; 0       ; 0         ; 0    ; 0            ; |accumulator|carrysave_adder:csa|full_adder:gen_adders[20].full_adder                  ; full_adder           ; work         ;
;       |full_adder:gen_adders[21].full_adder| ; 2 (2)               ; 0 (0)                     ; 0           ; 0            ; 0       ; 0         ; 0    ; 0            ; |accumulator|carrysave_adder:csa|full_adder:gen_adders[21].full_adder                  ; full_adder           ; work         ;
;       |full_adder:gen_adders[22].full_adder| ; 2 (2)               ; 0 (0)                     ; 0           ; 0            ; 0       ; 0         ; 0    ; 0            ; |accumulator|carrysave_adder:csa|full_adder:gen_adders[22].full_adder                  ; full_adder           ; work         ;
;       |full_adder:gen_adders[23].full_adder| ; 3 (3)               ; 0 (0)                     ; 0           ; 0            ; 0       ; 0         ; 0    ; 0            ; |accumulator|carrysave_adder:csa|full_adder:gen_adders[23].full_adder                  ; full_adder           ; work         ;
;       |full_adder:gen_adders[24].full_adder| ; 3 (3)               ; 0 (0)                     ; 0           ; 0            ; 0       ; 0         ; 0    ; 0            ; |accumulator|carrysave_adder:csa|full_adder:gen_adders[24].full_adder                  ; full_adder           ; work         ;
;       |full_adder:gen_adders[25].full_adder| ; 2 (2)               ; 0 (0)                     ; 0           ; 0            ; 0       ; 0         ; 0    ; 0            ; |accumulator|carrysave_adder:csa|full_adder:gen_adders[25].full_adder                  ; full_adder           ; work         ;
;       |full_adder:gen_adders[26].full_adder| ; 2 (2)               ; 0 (0)                     ; 0           ; 0            ; 0       ; 0         ; 0    ; 0            ; |accumulator|carrysave_adder:csa|full_adder:gen_adders[26].full_adder                  ; full_adder           ; work         ;
;       |full_adder:gen_adders[27].full_adder| ; 3 (3)               ; 0 (0)                     ; 0           ; 0            ; 0       ; 0         ; 0    ; 0            ; |accumulator|carrysave_adder:csa|full_adder:gen_adders[27].full_adder                  ; full_adder           ; work         ;
;       |full_adder:gen_adders[28].full_adder| ; 2 (2)               ; 0 (0)                     ; 0           ; 0            ; 0       ; 0         ; 0    ; 0            ; |accumulator|carrysave_adder:csa|full_adder:gen_adders[28].full_adder                  ; full_adder           ; work         ;
;       |full_adder:gen_adders[29].full_adder| ; 3 (3)               ; 0 (0)                     ; 0           ; 0            ; 0       ; 0         ; 0    ; 0            ; |accumulator|carrysave_adder:csa|full_adder:gen_adders[29].full_adder                  ; full_adder           ; work         ;
;       |full_adder:gen_adders[2].full_adder|  ; 2 (2)               ; 0 (0)                     ; 0           ; 0            ; 0       ; 0         ; 0    ; 0            ; |accumulator|carrysave_adder:csa|full_adder:gen_adders[2].full_adder                   ; full_adder           ; work         ;
;       |full_adder:gen_adders[30].full_adder| ; 3 (3)               ; 0 (0)                     ; 0           ; 0            ; 0       ; 0         ; 0    ; 0            ; |accumulator|carrysave_adder:csa|full_adder:gen_adders[30].full_adder                  ; full_adder           ; work         ;
;       |full_adder:gen_adders[31].full_adder| ; 2 (2)               ; 0 (0)                     ; 0           ; 0            ; 0       ; 0         ; 0    ; 0            ; |accumulator|carrysave_adder:csa|full_adder:gen_adders[31].full_adder                  ; full_adder           ; work         ;
;       |full_adder:gen_adders[3].full_adder|  ; 2 (2)               ; 0 (0)                     ; 0           ; 0            ; 0       ; 0         ; 0    ; 0            ; |accumulator|carrysave_adder:csa|full_adder:gen_adders[3].full_adder                   ; full_adder           ; work         ;
;       |full_adder:gen_adders[4].full_adder|  ; 2 (2)               ; 0 (0)                     ; 0           ; 0            ; 0       ; 0         ; 0    ; 0            ; |accumulator|carrysave_adder:csa|full_adder:gen_adders[4].full_adder                   ; full_adder           ; work         ;
;       |full_adder:gen_adders[5].full_adder|  ; 2 (2)               ; 0 (0)                     ; 0           ; 0            ; 0       ; 0         ; 0    ; 0            ; |accumulator|carrysave_adder:csa|full_adder:gen_adders[5].full_adder                   ; full_adder           ; work         ;
;       |full_adder:gen_adders[6].full_adder|  ; 2 (2)               ; 0 (0)                     ; 0           ; 0            ; 0       ; 0         ; 0    ; 0            ; |accumulator|carrysave_adder:csa|full_adder:gen_adders[6].full_adder                   ; full_adder           ; work         ;
;       |full_adder:gen_adders[7].full_adder|  ; 2 (2)               ; 0 (0)                     ; 0           ; 0            ; 0       ; 0         ; 0    ; 0            ; |accumulator|carrysave_adder:csa|full_adder:gen_adders[7].full_adder                   ; full_adder           ; work         ;
;       |full_adder:gen_adders[8].full_adder|  ; 3 (3)               ; 0 (0)                     ; 0           ; 0            ; 0       ; 0         ; 0    ; 0            ; |accumulator|carrysave_adder:csa|full_adder:gen_adders[8].full_adder                   ; full_adder           ; work         ;
;       |full_adder:gen_adders[9].full_adder|  ; 2 (2)               ; 0 (0)                     ; 0           ; 0            ; 0       ; 0         ; 0    ; 0            ; |accumulator|carrysave_adder:csa|full_adder:gen_adders[9].full_adder                   ; full_adder           ; work         ;
+----------------------------------------------+---------------------+---------------------------+-------------+--------------+---------+-----------+------+--------------+----------------------------------------------------------------------------------------+----------------------+--------------+
Note: For table entries with two numbers listed, the numbers in parentheses indicate the number of resources of the given type used by the specific entity alone. The numbers listed outside of parentheses indicate the total resources of the given type used by the specific entity and all of its sub-entities in the hierarchy.


+--------------------------------------------------------------------------------+
; Registers Removed During Synthesis                                             ;
+---------------------------------------+----------------------------------------+
; Register name                         ; Reason for Removal                     ;
+---------------------------------------+----------------------------------------+
; v_reg[0]                              ; Stuck at GND due to stuck port data_in ;
; Total Number of Removed Registers = 1 ;                                        ;
+---------------------------------------+----------------------------------------+


+------------------------------------------------------+
; General Register Statistics                          ;
+----------------------------------------------+-------+
; Statistic                                    ; Value ;
+----------------------------------------------+-------+
; Total registers                              ; 63    ;
; Number of registers using Synchronous Clear  ; 0     ;
; Number of registers using Synchronous Load   ; 0     ;
; Number of registers using Asynchronous Clear ; 63    ;
; Number of registers using Asynchronous Load  ; 0     ;
; Number of registers using Clock Enable       ; 0     ;
; Number of registers using Preset             ; 0     ;
+----------------------------------------------+-------+


+-----------------------------------------------------------------------------+
; Parameter Settings for User Entity Instance: Top-level Entity: |accumulator ;
+----------------+-------+----------------------------------------------------+
; Parameter Name ; Value ; Type                                               ;
+----------------+-------+----------------------------------------------------+
; N              ; 32    ; Signed Integer                                     ;
; M              ; 8     ; Signed Integer                                     ;
+----------------+-------+----------------------------------------------------+
Note: In order to hide this table in the UI and the text report file, please set the "Show Parameter Settings in Synthesis Report" option in "Analysis and Synthesis Settings -> More Settings" to "Off".


+------------------------------------------------------------------+
; Parameter Settings for User Entity Instance: carrysave_adder:csa ;
+----------------+-------+-----------------------------------------+
; Parameter Name ; Value ; Type                                    ;
+----------------+-------+-----------------------------------------+
; N              ; 32    ; Signed Integer                          ;
+----------------+-------+-----------------------------------------+
Note: In order to hide this table in the UI and the text report file, please set the "Show Parameter Settings in Synthesis Report" option in "Analysis and Synthesis Settings -> More Settings" to "Off".


+------------------------------------------------------------------------------------+
; Parameter Settings for User Entity Instance: carrylookahead_adder:cla_array[0].cla ;
+----------------+-------+-----------------------------------------------------------+
; Parameter Name ; Value ; Type                                                      ;
+----------------+-------+-----------------------------------------------------------+
; N              ; 8     ; Signed Integer                                            ;
+----------------+-------+-----------------------------------------------------------+
Note: In order to hide this table in the UI and the text report file, please set the "Show Parameter Settings in Synthesis Report" option in "Analysis and Synthesis Settings -> More Settings" to "Off".


+------------------------------------------------------------------------------------+
; Parameter Settings for User Entity Instance: carrylookahead_adder:cla_array[1].cla ;
+----------------+-------+-----------------------------------------------------------+
; Parameter Name ; Value ; Type                                                      ;
+----------------+-------+-----------------------------------------------------------+
; N              ; 8     ; Signed Integer                                            ;
+----------------+-------+-----------------------------------------------------------+
Note: In order to hide this table in the UI and the text report file, please set the "Show Parameter Settings in Synthesis Report" option in "Analysis and Synthesis Settings -> More Settings" to "Off".


+------------------------------------------------------------------------------------+
; Parameter Settings for User Entity Instance: carrylookahead_adder:cla_array[2].cla ;
+----------------+-------+-----------------------------------------------------------+
; Parameter Name ; Value ; Type                                                      ;
+----------------+-------+-----------------------------------------------------------+
; N              ; 8     ; Signed Integer                                            ;
+----------------+-------+-----------------------------------------------------------+
Note: In order to hide this table in the UI and the text report file, please set the "Show Parameter Settings in Synthesis Report" option in "Analysis and Synthesis Settings -> More Settings" to "Off".


+------------------------------------------------------------------------------------+
; Parameter Settings for User Entity Instance: carrylookahead_adder:cla_array[3].cla ;
+----------------+-------+-----------------------------------------------------------+
; Parameter Name ; Value ; Type                                                      ;
+----------------+-------+-----------------------------------------------------------+
; N              ; 8     ; Signed Integer                                            ;
+----------------+-------+-----------------------------------------------------------+
Note: In order to hide this table in the UI and the text report file, please set the "Show Parameter Settings in Synthesis Report" option in "Analysis and Synthesis Settings -> More Settings" to "Off".


+-----------------------------------------------------------------------------------------------------------------+
; Port Connectivity Checks: "carrylookahead_adder:cla_array[3].cla"                                               ;
+-------+--------+----------+-------------------------------------------------------------------------------------+
; Port  ; Type   ; Severity ; Details                                                                             ;
+-------+--------+----------+-------------------------------------------------------------------------------------+
; c_out ; Output ; Info     ; Connected to dangling logic. Logic that only feeds a dangling port will be removed. ;
+-------+--------+----------+-------------------------------------------------------------------------------------+


+-------------------------------------------------------------------------------------------------------+
; Port Connectivity Checks: "carrylookahead_adder:cla_array[0].cla|full_adder:gen_adders[7].full_adder" ;
+-------+--------+----------+---------------------------------------------------------------------------+
; Port  ; Type   ; Severity ; Details                                                                   ;
+-------+--------+----------+---------------------------------------------------------------------------+
; c_out ; Output ; Info     ; Explicitly unconnected                                                    ;
+-------+--------+----------+---------------------------------------------------------------------------+


+-------------------------------------------------------------------------------------------------------+
; Port Connectivity Checks: "carrylookahead_adder:cla_array[0].cla|full_adder:gen_adders[6].full_adder" ;
+-------+--------+----------+---------------------------------------------------------------------------+
; Port  ; Type   ; Severity ; Details                                                                   ;
+-------+--------+----------+---------------------------------------------------------------------------+
; c_out ; Output ; Info     ; Explicitly unconnected                                                    ;
+-------+--------+----------+---------------------------------------------------------------------------+


+-------------------------------------------------------------------------------------------------------+
; Port Connectivity Checks: "carrylookahead_adder:cla_array[0].cla|full_adder:gen_adders[5].full_adder" ;
+-------+--------+----------+---------------------------------------------------------------------------+
; Port  ; Type   ; Severity ; Details                                                                   ;
+-------+--------+----------+---------------------------------------------------------------------------+
; c_out ; Output ; Info     ; Explicitly unconnected                                                    ;
+-------+--------+----------+---------------------------------------------------------------------------+


+-------------------------------------------------------------------------------------------------------+
; Port Connectivity Checks: "carrylookahead_adder:cla_array[0].cla|full_adder:gen_adders[4].full_adder" ;
+-------+--------+----------+---------------------------------------------------------------------------+
; Port  ; Type   ; Severity ; Details                                                                   ;
+-------+--------+----------+---------------------------------------------------------------------------+
; c_out ; Output ; Info     ; Explicitly unconnected                                                    ;
+-------+--------+----------+---------------------------------------------------------------------------+


+-------------------------------------------------------------------------------------------------------+
; Port Connectivity Checks: "carrylookahead_adder:cla_array[0].cla|full_adder:gen_adders[3].full_adder" ;
+-------+--------+----------+---------------------------------------------------------------------------+
; Port  ; Type   ; Severity ; Details                                                                   ;
+-------+--------+----------+---------------------------------------------------------------------------+
; c_out ; Output ; Info     ; Explicitly unconnected                                                    ;
+-------+--------+----------+---------------------------------------------------------------------------+


+-------------------------------------------------------------------------------------------------------+
; Port Connectivity Checks: "carrylookahead_adder:cla_array[0].cla|full_adder:gen_adders[2].full_adder" ;
+-------+--------+----------+---------------------------------------------------------------------------+
; Port  ; Type   ; Severity ; Details                                                                   ;
+-------+--------+----------+---------------------------------------------------------------------------+
; c_out ; Output ; Info     ; Explicitly unconnected                                                    ;
+-------+--------+----------+---------------------------------------------------------------------------+


+-------------------------------------------------------------------------------------------------------+
; Port Connectivity Checks: "carrylookahead_adder:cla_array[0].cla|full_adder:gen_adders[1].full_adder" ;
+-------+--------+----------+---------------------------------------------------------------------------+
; Port  ; Type   ; Severity ; Details                                                                   ;
+-------+--------+----------+---------------------------------------------------------------------------+
; c_out ; Output ; Info     ; Explicitly unconnected                                                    ;
+-------+--------+----------+---------------------------------------------------------------------------+


+-------------------------------------------------------------------------------------------------------+
; Port Connectivity Checks: "carrylookahead_adder:cla_array[0].cla|full_adder:gen_adders[0].full_adder" ;
+-------+--------+----------+---------------------------------------------------------------------------+
; Port  ; Type   ; Severity ; Details                                                                   ;
+-------+--------+----------+---------------------------------------------------------------------------+
; c_out ; Output ; Info     ; Explicitly unconnected                                                    ;
+-------+--------+----------+---------------------------------------------------------------------------+


+-------------------------------------------------------------------+
; Port Connectivity Checks: "carrylookahead_adder:cla_array[0].cla" ;
+------+-------+----------+-----------------------------------------+
; Port ; Type  ; Severity ; Details                                 ;
+------+-------+----------+-----------------------------------------+
; c_in ; Input ; Info     ; Stuck at GND                            ;
+------+-------+----------+-----------------------------------------+


+---------------------------------------------------------------------------------------------------------------------+
; Port Connectivity Checks: "carrysave_adder:csa"                                                                     ;
+-----------+--------+----------+-------------------------------------------------------------------------------------+
; Port      ; Type   ; Severity ; Details                                                                             ;
+-----------+--------+----------+-------------------------------------------------------------------------------------+
; carry[31] ; Output ; Info     ; Connected to dangling logic. Logic that only feeds a dangling port will be removed. ;
+-----------+--------+----------+-------------------------------------------------------------------------------------+


+-----------------------------------------------------+
; Post-Synthesis Netlist Statistics for Top Partition ;
+-----------------------+-----------------------------+
; Type                  ; Count                       ;
+-----------------------+-----------------------------+
; boundary_port         ; 66                          ;
; cycloneiii_ff         ; 63                          ;
;     CLR               ; 63                          ;
; cycloneiii_lcell_comb ; 144                         ;
;     normal            ; 144                         ;
;         2 data inputs ; 20                          ;
;         3 data inputs ; 90                          ;
;         4 data inputs ; 34                          ;
;                       ;                             ;
; Max LUT depth         ; 22.00                       ;
; Average LUT depth     ; 7.56                        ;
+-----------------------+-----------------------------+


+-------------------------------+
; Elapsed Time Per Partition    ;
+----------------+--------------+
; Partition Name ; Elapsed Time ;
+----------------+--------------+
; Top            ; 00:00:01     ;
+----------------+--------------+


+-------------------------------+
; Analysis & Synthesis Messages ;
+-------------------------------+
Info: *******************************************************************
Info: Running Quartus Prime Analysis & Synthesis
    Info: Version 20.1.1 Build 720 11/11/2020 SJ Lite Edition
    Info: Processing started: Mon Jul 11 09:59:47 2022
Info: Command: quartus_map --read_settings_files=on --write_settings_files=off accumulator -c accumulator
Warning (18236): Number of processors has not been specified which may cause overloading on shared machines.  Set the global assignment NUM_PARALLEL_PROCESSORS in your QSF to an appropriate value for best performance.
Info (20030): Parallel compilation is enabled and will use 6 of the 6 processors detected
Info (12021): Found 1 design units, including 1 entities, in source file full_adder.sv
    Info (12023): Found entity 1: full_adder File: C:/Users/2000c/OneDrive/Documents/Code/VLSI/accumulator/full_adder.sv Line: 1
Info (12021): Found 1 design units, including 1 entities, in source file carrysave_adder.sv
    Info (12023): Found entity 1: carrysave_adder File: C:/Users/2000c/OneDrive/Documents/Code/VLSI/accumulator/carrysave_adder.sv Line: 2
Info (12021): Found 1 design units, including 1 entities, in source file carrylookahead_adder.sv
    Info (12023): Found entity 1: carrylookahead_adder File: C:/Users/2000c/OneDrive/Documents/Code/VLSI/accumulator/carrylookahead_adder.sv Line: 2
Info (12021): Found 1 design units, including 1 entities, in source file accumulator.sv
    Info (12023): Found entity 1: accumulator File: C:/Users/2000c/OneDrive/Documents/Code/VLSI/accumulator/accumulator.sv Line: 3
Info (12127): Elaborating entity "accumulator" for the top level hierarchy
Info (12128): Elaborating entity "carrysave_adder" for hierarchy "carrysave_adder:csa" File: C:/Users/2000c/OneDrive/Documents/Code/VLSI/accumulator/accumulator.sv Line: 25
Info (12128): Elaborating entity "full_adder" for hierarchy "carrysave_adder:csa|full_adder:gen_adders[0].full_adder" File: C:/Users/2000c/OneDrive/Documents/Code/VLSI/accumulator/carrysave_adder.sv Line: 18
Info (12128): Elaborating entity "carrylookahead_adder" for hierarchy "carrylookahead_adder:cla_array[0].cla" File: C:/Users/2000c/OneDrive/Documents/Code/VLSI/accumulator/accumulator.sv Line: 37
Info (286030): Timing-Driven Synthesis is running
Info (16010): Generating hard_block partition "hard_block:auto_generated_inst"
    Info (16011): Adding 0 node(s), including 0 DDIO, 0 PLL, 0 transceiver and 0 LCELL
Info (21057): Implemented 210 device resources after synthesis - the final resource count might be different
    Info (21058): Implemented 34 input pins
    Info (21059): Implemented 32 output pins
    Info (21061): Implemented 144 logic cells
Info: Quartus Prime Analysis & Synthesis was successful. 0 errors, 1 warning
    Info: Peak virtual memory: 4785 megabytes
    Info: Processing ended: Mon Jul 11 10:00:08 2022
    Info: Elapsed time: 00:00:21
    Info: Total CPU time (on all processors): 00:00:39


